[     282ms] [ERROR] Failed to load resource: the server responded with a status of 404 () @ https://www.atlassian.com/design/ui/foundations/density:0
[     406ms] [WARNING] Multiple versions of FeatureGateClients found on the current page.
      The currently bound version is 4.26.5 when module version 4.25.0 was loading. @ https://wac-cdn.atlassian.com/static/master/10752/assets/build/js/main.js?cdnVersion=3314:1
[     410ms] [WARNING] {msg: An error has occurred checking the feature gate. Only the first occurrence of this error is logged., gateName: platform-dst-shape-theme-default, error: Error: Client must be initialized before using this method
    at Object.assertInitialized (https:/…} @ https://wac-cdn.atlassian.com/static/master/10752/assets/build/js/main.js?cdnVersion=3314:1
[     460ms] [INFO] Initializing FeatureGates client @ https://wac-cdn.atlassian.com/static/master/10752/assets/build/js/chunks/f0177f31b7ae22.js:1
[     463ms] [WARNING] Multiple versions of FeatureGateClients found on the current page.
      The currently bound version is 4.26.5 when module version 4.25.0 was loading. @ https://wac-cdn.atlassian.com/static/master/10752/assets/build/js/chunks/f0177f31b7ae22.js:1
[     466ms] [WARNING] Multiple versions of FeatureGateClients found on the current page.
      The currently bound version is 4.26.5 when module version 4.25.0 was loading. @ https://wac-cdn.atlassian.com/static/master/10752/assets/build/js/chunks/f0177f31b7ae22.js:1
[     475ms] [WARNING] Multiple versions of FeatureGateClients found on the current page.
      The currently bound version is 4.26.5 when module version 0.0.0-development was loading. @ https://wac-cdn.atlassian.com/static/master/10752/assets/build/js/chunks/f0177f31b7ae22.js:1
[     476ms] [WARNING] Multiple versions of FeatureGateClients found on the current page.
      The currently bound version is 4.26.5 when module version 4.25.0 was loading. @ https://wac-cdn.atlassian.com/static/master/10752/assets/build/js/chunks/f0177f31b7ae22.js:1
[     505ms] [INFO] Initializing FeatureGates client @ https://wac-cdn.atlassian.com/static/master/10752/assets/build/js/chunks/f0177f31b7ae22.js:1
[     507ms] [INFO] Initializing FeatureGates client @ https://wac-cdn.atlassian.com/static/master/10752/assets/build/js/chunks/f0177f31b7ae22.js:1
[     515ms] [WARNING] Multiple versions of FeatureGateClients found on the current page.
        The currently bound version is 4.26.5 when module version 4.12.1 was loading. @ https://wac-cdn.atlassian.com/static/master/10752/assets/build/js/chunks/f0177f31b7ae22.js:1
[     518ms] [WARNING] Multiple versions of FeatureGateClients found on the current page.
      The currently bound version is 4.26.5 when module version 4.25.0 was loading. @ https://wac-cdn.atlassian.com/static/master/10752/assets/build/js/chunks/f0177f31b7ae22.js:1
[     519ms] [WARNING] Multiple versions of FeatureGateClients found on the current page.
      The currently bound version is 4.26.5 when module version 4.25.0 was loading. @ https://wac-cdn.atlassian.com/static/master/10752/assets/build/js/chunks/f0177f31b7ae22.js:1
[     520ms] [WARNING] Multiple versions of FeatureGateClients found on the current page.
      The currently bound version is 4.26.5 when module version 4.25.0 was loading. @ https://wac-cdn.atlassian.com/static/master/10752/assets/build/js/chunks/f0177f31b7ae22.js:1
[     637ms] [ERROR] Failed to load resource: the server responded with a status of 401 () @ https://www.atlassian.com/gateway/api/cookie-integrator/api/onetrust/jwt:0
[     811ms] [INFO] Initializing FeatureGates client @ https://wac-cdn.atlassian.com/static/master/10752/assets/build/js/chunks/f0177f31b7ae22.js:1
[   11079ms] [LOG] WebConfigClient initialized successfully. @ https://wac-cdn.atlassian.com/static/master/10752/assets/build/js/chunks/f0177f31b7ae22.js:1
[   11132ms] [LOG] FeatureGateClient initialized successfully. @ https://wac-cdn.atlassian.com/static/master/10752/assets/build/js/chunks/f0177f31b7ae22.js:1
[   12802ms] [ERROR] Access to XMLHttpRequest at 'https://ibc-flow.techtarget.com/a/gif.gif?actTypeId=31&cid=1232081&r=1775216654270&ref=https%3A%2F%2Fwww.atlassian.com%2Fdesign%2Fui%2Ffoundations%2Fdensity&version=2.4' from origin 'https://www.atlassian.com' has been blocked by CORS policy: No 'Access-Control-Allow-Origin' header is present on the requested resource. @ https://www.atlassian.com/design/ui/foundations/density:0
[   12802ms] [ERROR] Failed to load resource: net::ERR_FAILED @ https://ibc-flow.techtarget.com/a/gif.gif?actTypeId=31&cid=1232081&r=1775216654270&ref=https%3A%2F%2Fwww.atlassian.com%2Fdesign%2Fui%2Ffoundations%2Fdensity&version=2.4:0
