[    5338ms] [ERROR] Failed to load resource: the server responded with a status of 404 () @ https://www.atlassian.com/design/ui/foundations/white-space:0
[    5735ms] [WARNING] Multiple versions of FeatureGateClients found on the current page.
      The currently bound version is 4.26.5 when module version 4.25.0 was loading. @ https://wac-cdn.atlassian.com/static/master/10752/assets/build/js/chunks/f0177f31b7ae22.js:1
[    5757ms] [WARNING] {msg: An error has occurred checking the feature gate. Only the first occurrence of this error is logged., gateName: platform-dst-shape-theme-default, error: Error: Client must be initialized before using this method
    at Object.assertInitialized (https:/…} @ https://wac-cdn.atlassian.com/static/master/10752/assets/build/js/chunks/f0177f31b7ae22.js:1
[    5766ms] [INFO] Initializing FeatureGates client @ https://wac-cdn.atlassian.com/static/master/10752/assets/build/js/chunks/f0177f31b7ae22.js:1
[    5976ms] [WARNING] Multiple versions of FeatureGateClients found on the current page.
        The currently bound version is 4.26.5 when module version 4.12.1 was loading. @ https://wac-cdn.atlassian.com/static/master/10752/assets/build/js/chunks/f0177f31b7ae22.js:1
[    5992ms] [WARNING] Multiple versions of FeatureGateClients found on the current page.
      The currently bound version is 4.26.5 when module version 4.25.0 was loading. @ https://wac-cdn.atlassian.com/static/master/10752/assets/build/js/chunks/f0177f31b7ae22.js:1
[    5996ms] [WARNING] Multiple versions of FeatureGateClients found on the current page.
      The currently bound version is 4.26.5 when module version 4.25.0 was loading. @ https://wac-cdn.atlassian.com/static/master/10752/assets/build/js/chunks/f0177f31b7ae22.js:1
[    6000ms] [WARNING] Multiple versions of FeatureGateClients found on the current page.
      The currently bound version is 4.26.5 when module version 4.25.0 was loading. @ https://wac-cdn.atlassian.com/static/master/10752/assets/build/js/chunks/f0177f31b7ae22.js:1
[    6082ms] [WARNING] Multiple versions of FeatureGateClients found on the current page.
      The currently bound version is 4.26.5 when module version 4.25.0 was loading. @ https://wac-cdn.atlassian.com/static/master/10752/assets/build/js/chunks/f0177f31b7ae22.js:1
[    6090ms] [WARNING] Multiple versions of FeatureGateClients found on the current page.
      The currently bound version is 4.26.5 when module version 0.0.0-development was loading. @ https://wac-cdn.atlassian.com/static/master/10752/assets/build/js/chunks/f0177f31b7ae22.js:1
[    6091ms] [ERROR] Failed to load resource: the server responded with a status of 401 () @ https://www.atlassian.com/gateway/api/cookie-integrator/api/onetrust/jwt:0
[    6099ms] [WARNING] Multiple versions of FeatureGateClients found on the current page.
      The currently bound version is 4.26.5 when module version 4.25.0 was loading. @ https://wac-cdn.atlassian.com/static/master/10752/assets/build/js/chunks/f0177f31b7ae22.js:1
[    6108ms] [WARNING] Multiple versions of FeatureGateClients found on the current page.
      The currently bound version is 4.26.5 when module version 4.25.0 was loading. @ https://wac-cdn.atlassian.com/static/master/10752/assets/build/js/chunks/f0177f31b7ae22.js:1
[    6126ms] [INFO] Initializing FeatureGates client @ https://wac-cdn.atlassian.com/static/master/10752/assets/build/js/chunks/f0177f31b7ae22.js:1
[    6128ms] [INFO] Initializing FeatureGates client @ https://wac-cdn.atlassian.com/static/master/10752/assets/build/js/chunks/f0177f31b7ae22.js:1
[    7026ms] [INFO] Initializing FeatureGates client @ https://wac-cdn.atlassian.com/static/master/10752/assets/build/js/chunks/f0177f31b7ae22.js:1
