[     769ms] [ERROR] Failed to load resource: the server responded with a status of 404 () @ https://polaris-react.shopify.com/design/visual-customization:0
[    1532ms] Error: Minified React error #418; visit https://reactjs.org/docs/error-decoder.html?invariant=418 for the full message or use the non-minified dev environment for full errors and additional helpful warnings.
    at lh (https://polaris-react.shopify.com/_next/static/chunks/framework-a39f2e1a931cb943.js:1:57669)
    at i (https://polaris-react.shopify.com/_next/static/chunks/framework-a39f2e1a931cb943.js:1:132232)
    at oO (https://polaris-react.shopify.com/_next/static/chunks/framework-a39f2e1a931cb943.js:1:110216)
    at oF (https://polaris-react.shopify.com/_next/static/chunks/framework-a39f2e1a931cb943.js:1:110086)
    at oS (https://polaris-react.shopify.com/_next/static/chunks/framework-a39f2e1a931cb943.js:1:105159)
    at x (https://polaris-react.shopify.com/_next/static/chunks/framework-a39f2e1a931cb943.js:1:7827)
    at MessagePort.T (https://polaris-react.shopify.com/_next/static/chunks/framework-a39f2e1a931cb943.js:1:8357)
[    1532ms] Error: Minified React error #418; visit https://reactjs.org/docs/error-decoder.html?invariant=418 for the full message or use the non-minified dev environment for full errors and additional helpful warnings.
    at lh (https://polaris-react.shopify.com/_next/static/chunks/framework-a39f2e1a931cb943.js:1:57669)
    at i (https://polaris-react.shopify.com/_next/static/chunks/framework-a39f2e1a931cb943.js:1:132232)
    at oO (https://polaris-react.shopify.com/_next/static/chunks/framework-a39f2e1a931cb943.js:1:110216)
    at oF (https://polaris-react.shopify.com/_next/static/chunks/framework-a39f2e1a931cb943.js:1:110086)
    at oS (https://polaris-react.shopify.com/_next/static/chunks/framework-a39f2e1a931cb943.js:1:105159)
    at x (https://polaris-react.shopify.com/_next/static/chunks/framework-a39f2e1a931cb943.js:1:7827)
    at MessagePort.T (https://polaris-react.shopify.com/_next/static/chunks/framework-a39f2e1a931cb943.js:1:8357)
[    1533ms] Error: Minified React error #418; visit https://reactjs.org/docs/error-decoder.html?invariant=418 for the full message or use the non-minified dev environment for full errors and additional helpful warnings.
    at lh (https://polaris-react.shopify.com/_next/static/chunks/framework-a39f2e1a931cb943.js:1:57669)
    at i (https://polaris-react.shopify.com/_next/static/chunks/framework-a39f2e1a931cb943.js:1:132232)
    at oO (https://polaris-react.shopify.com/_next/static/chunks/framework-a39f2e1a931cb943.js:1:110216)
    at oF (https://polaris-react.shopify.com/_next/static/chunks/framework-a39f2e1a931cb943.js:1:110086)
    at oS (https://polaris-react.shopify.com/_next/static/chunks/framework-a39f2e1a931cb943.js:1:105159)
    at x (https://polaris-react.shopify.com/_next/static/chunks/framework-a39f2e1a931cb943.js:1:7827)
    at MessagePort.T (https://polaris-react.shopify.com/_next/static/chunks/framework-a39f2e1a931cb943.js:1:8357)
[    1533ms] Error: Minified React error #418; visit https://reactjs.org/docs/error-decoder.html?invariant=418 for the full message or use the non-minified dev environment for full errors and additional helpful warnings.
    at lh (https://polaris-react.shopify.com/_next/static/chunks/framework-a39f2e1a931cb943.js:1:57669)
    at i (https://polaris-react.shopify.com/_next/static/chunks/framework-a39f2e1a931cb943.js:1:132232)
    at oO (https://polaris-react.shopify.com/_next/static/chunks/framework-a39f2e1a931cb943.js:1:110216)
    at oF (https://polaris-react.shopify.com/_next/static/chunks/framework-a39f2e1a931cb943.js:1:110086)
    at oS (https://polaris-react.shopify.com/_next/static/chunks/framework-a39f2e1a931cb943.js:1:105159)
    at x (https://polaris-react.shopify.com/_next/static/chunks/framework-a39f2e1a931cb943.js:1:7827)
    at MessagePort.T (https://polaris-react.shopify.com/_next/static/chunks/framework-a39f2e1a931cb943.js:1:8357)
[    1533ms] Error: Minified React error #418; visit https://reactjs.org/docs/error-decoder.html?invariant=418 for the full message or use the non-minified dev environment for full errors and additional helpful warnings.
    at lh (https://polaris-react.shopify.com/_next/static/chunks/framework-a39f2e1a931cb943.js:1:57669)
    at i (https://polaris-react.shopify.com/_next/static/chunks/framework-a39f2e1a931cb943.js:1:132232)
    at oO (https://polaris-react.shopify.com/_next/static/chunks/framework-a39f2e1a931cb943.js:1:110216)
    at oF (https://polaris-react.shopify.com/_next/static/chunks/framework-a39f2e1a931cb943.js:1:110086)
    at oS (https://polaris-react.shopify.com/_next/static/chunks/framework-a39f2e1a931cb943.js:1:105159)
    at x (https://polaris-react.shopify.com/_next/static/chunks/framework-a39f2e1a931cb943.js:1:7827)
    at MessagePort.T (https://polaris-react.shopify.com/_next/static/chunks/framework-a39f2e1a931cb943.js:1:8357)
[    1533ms] Error: Minified React error #418; visit https://reactjs.org/docs/error-decoder.html?invariant=418 for the full message or use the non-minified dev environment for full errors and additional helpful warnings.
    at lh (https://polaris-react.shopify.com/_next/static/chunks/framework-a39f2e1a931cb943.js:1:57669)
    at i (https://polaris-react.shopify.com/_next/static/chunks/framework-a39f2e1a931cb943.js:1:132232)
    at oO (https://polaris-react.shopify.com/_next/static/chunks/framework-a39f2e1a931cb943.js:1:110216)
    at oF (https://polaris-react.shopify.com/_next/static/chunks/framework-a39f2e1a931cb943.js:1:110086)
    at oS (https://polaris-react.shopify.com/_next/static/chunks/framework-a39f2e1a931cb943.js:1:105159)
    at x (https://polaris-react.shopify.com/_next/static/chunks/framework-a39f2e1a931cb943.js:1:7827)
    at MessagePort.T (https://polaris-react.shopify.com/_next/static/chunks/framework-a39f2e1a931cb943.js:1:8357)
[    1533ms] Error: Minified React error #418; visit https://reactjs.org/docs/error-decoder.html?invariant=418 for the full message or use the non-minified dev environment for full errors and additional helpful warnings.
    at lh (https://polaris-react.shopify.com/_next/static/chunks/framework-a39f2e1a931cb943.js:1:57669)
    at i (https://polaris-react.shopify.com/_next/static/chunks/framework-a39f2e1a931cb943.js:1:132232)
    at oO (https://polaris-react.shopify.com/_next/static/chunks/framework-a39f2e1a931cb943.js:1:110216)
    at oF (https://polaris-react.shopify.com/_next/static/chunks/framework-a39f2e1a931cb943.js:1:110086)
    at oS (https://polaris-react.shopify.com/_next/static/chunks/framework-a39f2e1a931cb943.js:1:105159)
    at x (https://polaris-react.shopify.com/_next/static/chunks/framework-a39f2e1a931cb943.js:1:7827)
    at MessagePort.T (https://polaris-react.shopify.com/_next/static/chunks/framework-a39f2e1a931cb943.js:1:8357)
[    1533ms] Error: Minified React error #418; visit https://reactjs.org/docs/error-decoder.html?invariant=418 for the full message or use the non-minified dev environment for full errors and additional helpful warnings.
    at lh (https://polaris-react.shopify.com/_next/static/chunks/framework-a39f2e1a931cb943.js:1:57669)
    at i (https://polaris-react.shopify.com/_next/static/chunks/framework-a39f2e1a931cb943.js:1:132232)
    at oO (https://polaris-react.shopify.com/_next/static/chunks/framework-a39f2e1a931cb943.js:1:110216)
    at oF (https://polaris-react.shopify.com/_next/static/chunks/framework-a39f2e1a931cb943.js:1:110086)
    at oS (https://polaris-react.shopify.com/_next/static/chunks/framework-a39f2e1a931cb943.js:1:105159)
    at x (https://polaris-react.shopify.com/_next/static/chunks/framework-a39f2e1a931cb943.js:1:7827)
    at MessagePort.T (https://polaris-react.shopify.com/_next/static/chunks/framework-a39f2e1a931cb943.js:1:8357)
[    1534ms] Error: Minified React error #418; visit https://reactjs.org/docs/error-decoder.html?invariant=418 for the full message or use the non-minified dev environment for full errors and additional helpful warnings.
    at lh (https://polaris-react.shopify.com/_next/static/chunks/framework-a39f2e1a931cb943.js:1:57669)
    at i (https://polaris-react.shopify.com/_next/static/chunks/framework-a39f2e1a931cb943.js:1:132232)
    at oO (https://polaris-react.shopify.com/_next/static/chunks/framework-a39f2e1a931cb943.js:1:110216)
    at oF (https://polaris-react.shopify.com/_next/static/chunks/framework-a39f2e1a931cb943.js:1:110086)
    at oS (https://polaris-react.shopify.com/_next/static/chunks/framework-a39f2e1a931cb943.js:1:105159)
    at x (https://polaris-react.shopify.com/_next/static/chunks/framework-a39f2e1a931cb943.js:1:7827)
    at MessagePort.T (https://polaris-react.shopify.com/_next/static/chunks/framework-a39f2e1a931cb943.js:1:8357)
[    1534ms] Error: Minified React error #418; visit https://reactjs.org/docs/error-decoder.html?invariant=418 for the full message or use the non-minified dev environment for full errors and additional helpful warnings.
    at lh (https://polaris-react.shopify.com/_next/static/chunks/framework-a39f2e1a931cb943.js:1:57669)
    at i (https://polaris-react.shopify.com/_next/static/chunks/framework-a39f2e1a931cb943.js:1:132232)
    at oO (https://polaris-react.shopify.com/_next/static/chunks/framework-a39f2e1a931cb943.js:1:110216)
    at oF (https://polaris-react.shopify.com/_next/static/chunks/framework-a39f2e1a931cb943.js:1:110086)
    at oS (https://polaris-react.shopify.com/_next/static/chunks/framework-a39f2e1a931cb943.js:1:105159)
    at x (https://polaris-react.shopify.com/_next/static/chunks/framework-a39f2e1a931cb943.js:1:7827)
    at MessagePort.T (https://polaris-react.shopify.com/_next/static/chunks/framework-a39f2e1a931cb943.js:1:8357)
[    1534ms] Error: Minified React error #418; visit https://reactjs.org/docs/error-decoder.html?invariant=418 for the full message or use the non-minified dev environment for full errors and additional helpful warnings.
    at lh (https://polaris-react.shopify.com/_next/static/chunks/framework-a39f2e1a931cb943.js:1:57669)
    at i (https://polaris-react.shopify.com/_next/static/chunks/framework-a39f2e1a931cb943.js:1:132232)
    at oO (https://polaris-react.shopify.com/_next/static/chunks/framework-a39f2e1a931cb943.js:1:110216)
    at oF (https://polaris-react.shopify.com/_next/static/chunks/framework-a39f2e1a931cb943.js:1:110086)
    at oS (https://polaris-react.shopify.com/_next/static/chunks/framework-a39f2e1a931cb943.js:1:105159)
    at x (https://polaris-react.shopify.com/_next/static/chunks/framework-a39f2e1a931cb943.js:1:7827)
    at MessagePort.T (https://polaris-react.shopify.com/_next/static/chunks/framework-a39f2e1a931cb943.js:1:8357)
[    1534ms] Error: Minified React error #418; visit https://reactjs.org/docs/error-decoder.html?invariant=418 for the full message or use the non-minified dev environment for full errors and additional helpful warnings.
    at lh (https://polaris-react.shopify.com/_next/static/chunks/framework-a39f2e1a931cb943.js:1:57669)
    at i (https://polaris-react.shopify.com/_next/static/chunks/framework-a39f2e1a931cb943.js:1:132232)
    at oO (https://polaris-react.shopify.com/_next/static/chunks/framework-a39f2e1a931cb943.js:1:110216)
    at oF (https://polaris-react.shopify.com/_next/static/chunks/framework-a39f2e1a931cb943.js:1:110086)
    at oS (https://polaris-react.shopify.com/_next/static/chunks/framework-a39f2e1a931cb943.js:1:105159)
    at x (https://polaris-react.shopify.com/_next/static/chunks/framework-a39f2e1a931cb943.js:1:7827)
    at MessagePort.T (https://polaris-react.shopify.com/_next/static/chunks/framework-a39f2e1a931cb943.js:1:8357)
[    1534ms] Error: Minified React error #423; visit https://reactjs.org/docs/error-decoder.html?invariant=423 for the full message or use the non-minified dev environment for full errors and additional helpful warnings.
    at i (https://polaris-react.shopify.com/_next/static/chunks/framework-a39f2e1a931cb943.js:1:131891)
    at oO (https://polaris-react.shopify.com/_next/static/chunks/framework-a39f2e1a931cb943.js:1:110216)
    at oF (https://polaris-react.shopify.com/_next/static/chunks/framework-a39f2e1a931cb943.js:1:110086)
    at ox (https://polaris-react.shopify.com/_next/static/chunks/framework-a39f2e1a931cb943.js:1:106857)
    at oS (https://polaris-react.shopify.com/_next/static/chunks/framework-a39f2e1a931cb943.js:1:105412)
    at x (https://polaris-react.shopify.com/_next/static/chunks/framework-a39f2e1a931cb943.js:1:7827)
    at MessagePort.T (https://polaris-react.shopify.com/_next/static/chunks/framework-a39f2e1a931cb943.js:1:8357)
[    1786ms] [ERROR] Failed to load resource: the server responded with a status of 404 () @ https://polaris-react.shopify.com/images/PlusIcon.svg:0
[    1844ms] [ERROR] Failed to load resource: the server responded with a status of 404 () @ https://polaris-react.shopify.com/images/MinusIcon.svg:0
